app/build/outputs/logs/manifest-merger-debug-report.txt
-- Merging decision tree log ---
manifest
ADDED from src/main/AndroidManifest.xml:2:1-159:12
	package
		ADDED from src/main/AndroidManifest.xml:3:5-34
		INJECTED from src/main/AndroidManifest.xml
		INJECTED from src/main/AndroidManifest.xml
	android:versionName
		ADDED from src/main/AndroidManifest.xml:5:5-30
		INJECTED from src/main/AndroidManifest.xml
		INJECTED from src/main/AndroidManifest.xml
	android:versionCode
		ADDED from src/main/AndroidManifest.xml:4:5-28
		INJECTED from src/main/AndroidManifest.xml
		INJECTED from src/main/AndroidManifest.xml
	xmlns:android
		ADDED from src/main/AndroidManifest.xml:2:11-69
uses-sdk
ADDED from src/main/AndroidManifest.xml:7:5-9:41
MERGED from [com.android.support:appcompat-v7:18.0.0] AndroidManifest.xml:18:5-42
	android:targetSdkVersion
		ADDED from src/main/AndroidManifest.xml:9:9-38
		INJECTED from src/main/AndroidManifest.xml
		INJECTED from src/main/AndroidManifest.xml
	android:minSdkVersion
		ADDED from src/main/AndroidManifest.xml:8:9-34
		INJECTED from src/main/AndroidManifest.xml
		INJECTED from src/main/AndroidManifest.xml
uses-permission#android.permission.INTERNET
ADDED from src/main/AndroidManifest.xml:11:5-67
	android:name
		ADDED from src/main/AndroidManifest.xml:11:22-64
uses-permission#android.permission.WRITE_EXTERNAL_STORAGE
ADDED from src/main/AndroidManifest.xml:12:5-81
	android:name
		ADDED from src/main/AndroidManifest.xml:12:22-78
uses-permission#android.permission.READ_EXTERNAL_STORAGE
ADDED from src/main/AndroidManifest.xml:13:5-80
	android:name
		ADDED from src/main/AndroidManifest.xml:13:22-77
uses-permission#android.permission.ACCESS_NETWORK_STATE
ADDED from src/main/AndroidManifest.xml:14:5-79
	android:name
		ADDED from src/main/AndroidManifest.xml:14:22-76
uses-permission#android.permission.ACCESS_FINE_LOCATION
ADDED from src/main/AndroidManifest.xml:15:5-79
	android:name
		ADDED from src/main/AndroidManifest.xml:15:22-76
uses-permission#android.permission.ACCESS_COARSE_LOCATION
ADDED from src/main/AndroidManifest.xml:16:5-81
	android:name
		ADDED from src/main/AndroidManifest.xml:16:22-78
uses-permission#android.permission.ACCESS_WIFI_STATE
ADDED from src/main/AndroidManifest.xml:18:5-76
	android:name
		ADDED from src/main/AndroidManifest.xml:18:22-73
uses-permission#android.permission.VIBRATE
ADDED from src/main/AndroidManifest.xml:20:5-66
	android:name
		ADDED from src/main/AndroidManifest.xml:20:22-63
uses-feature#android.hardware.camera
ADDED from src/main/AndroidManifest.xml:21:5-60
	android:name
		ADDED from src/main/AndroidManifest.xml:21:19-57
uses-feature#android.hardware.location
ADDED from src/main/AndroidManifest.xml:22:5-86
	android:required
		ADDED from src/main/AndroidManifest.xml:22:60-83
	android:name
		ADDED from src/main/AndroidManifest.xml:22:19-59
uses-feature#android.hardware.location.gps
ADDED from src/main/AndroidManifest.xml:23:5-91
	android:required
		ADDED from src/main/AndroidManifest.xml:23:64-88
	android:name
		ADDED from src/main/AndroidManifest.xml:23:19-63
application
ADDED from src/main/AndroidManifest.xml:25:5-157:19
MERGED from [com.android.support:appcompat-v7:18.0.0] AndroidManifest.xml:19:5-20
	android:label
		ADDED from src/main/AndroidManifest.xml:28:9-41
	android:allowBackup
		ADDED from src/main/AndroidManifest.xml:26:9-35
	android:icon
		ADDED from src/main/AndroidManifest.xml:27:9-45
	android:theme
		ADDED from src/main/AndroidManifest.xml:29:9-40
activity#com.ali.mirachannel.MainActivity
ADDED from src/main/AndroidManifest.xml:30:9-38:20
	android:screenOrientation
		ADDED from src/main/AndroidManifest.xml:33:13-49
	android:label
		ADDED from src/main/AndroidManifest.xml:32:13-45
	android:name
		ADDED from src/main/AndroidManifest.xml:31:13-60
intent-filter#android.intent.action.MAIN+android.intent.category.LAUNCHER
ADDED from src/main/AndroidManifest.xml:34:13-37:29
action#android.intent.action.MAIN
ADDED from src/main/AndroidManifest.xml:35:17-69
	android:name
		ADDED from src/main/AndroidManifest.xml:35:25-66
category#android.intent.category.LAUNCHER
ADDED from src/main/AndroidManifest.xml:36:17-77
	android:name
		ADDED from src/main/AndroidManifest.xml:36:27-74
activity#com.ali.mirachannel.MainMenuActivity
ADDED from src/main/AndroidManifest.xml:39:9-44:20
	android:screenOrientation
		ADDED from src/main/AndroidManifest.xml:42:13-49
	android:launchMode
		ADDED from src/main/AndroidManifest.xml:41:13-43
	android:theme
		ADDED from src/main/AndroidManifest.xml:43:13-57
	android:name
		ADDED from src/main/AndroidManifest.xml:40:13-64
activity#com.ali.mirachannel.ImmunizViewPager
ADDED from src/main/AndroidManifest.xml:45:9-53:20
	android:parentActivityName
		ADDED from src/main/AndroidManifest.xml:48:13-59
	android:launchMode
		ADDED from src/main/AndroidManifest.xml:47:13-43
	android:theme
		ADDED from src/main/AndroidManifest.xml:49:13-57
	android:name
		ADDED from src/main/AndroidManifest.xml:46:13-64
meta-data#android.support.PARENT_ACTIVITY
ADDED from src/main/AndroidManifest.xml:50:13-52:53
	android:value
		ADDED from src/main/AndroidManifest.xml:52:17-50
	android:name
		ADDED from src/main/AndroidManifest.xml:51:17-63
activity#com.ali.mirachannel.HouseRegistration
ADDED from src/main/AndroidManifest.xml:54:9-57:20
	android:screenOrientation
		ADDED from src/main/AndroidManifest.xml:56:13-49
	android:name
		ADDED from src/main/AndroidManifest.xml:55:13-65
activity#com.ali.mirachannel.PrenatalViewPager
ADDED from src/main/AndroidManifest.xml:58:9-62:20
	android:screenOrientation
		ADDED from src/main/AndroidManifest.xml:61:13-49
	android:launchMode
		ADDED from src/main/AndroidManifest.xml:60:13-43
	android:name
		ADDED from src/main/AndroidManifest.xml:59:13-65
activity#com.ali.mirachannel.WeeklyInfo
ADDED from src/main/AndroidManifest.xml:63:9-74:20
	android:screenOrientation
		ADDED from src/main/AndroidManifest.xml:67:13-49
	android:parentActivityName
		ADDED from src/main/AndroidManifest.xml:66:13-59
	android:launchMode
		ADDED from src/main/AndroidManifest.xml:65:13-43
	android:theme
		ADDED from src/main/AndroidManifest.xml:68:13-57
	android:name
		ADDED from src/main/AndroidManifest.xml:64:13-58
activity#com.ali.mirachannel.WeeklyInfoIndivid
ADDED from src/main/AndroidManifest.xml:75:9-85:20
	android:screenOrientation
		ADDED from src/main/AndroidManifest.xml:78:13-49
	android:parentActivityName
		ADDED from src/main/AndroidManifest.xml:77:13-53
	android:theme
		ADDED from src/main/AndroidManifest.xml:79:13-57
	android:name
		ADDED from src/main/AndroidManifest.xml:76:13-65
activity#com.ali.mirachannel.ImmunizViewIndivd
ADDED from src/main/AndroidManifest.xml:86:9-96:20
	android:screenOrientation
		ADDED from src/main/AndroidManifest.xml:89:13-49
	android:parentActivityName
		ADDED from src/main/AndroidManifest.xml:88:13-59
	android:theme
		ADDED from src/main/AndroidManifest.xml:90:13-57
	android:name
		ADDED from src/main/AndroidManifest.xml:87:13-65
activity#com.ali.mirachannel.LoginActivity
ADDED from src/main/AndroidManifest.xml:97:9-101:20
	android:label
		ADDED from src/main/AndroidManifest.xml:99:13-57
	android:windowSoftInputMode
		ADDED from src/main/AndroidManifest.xml:100:13-68
	android:name
		ADDED from src/main/AndroidManifest.xml:98:13-61
activity#com.ali.mirachannel.NeoNatalCare
ADDED from src/main/AndroidManifest.xml:102:9-113:20
	android:screenOrientation
		ADDED from src/main/AndroidManifest.xml:106:13-49
	android:label
		ADDED from src/main/AndroidManifest.xml:104:13-66
	android:parentActivityName
		ADDED from src/main/AndroidManifest.xml:105:13-59
	android:theme
		ADDED from src/main/AndroidManifest.xml:107:13-57
	android:name
		ADDED from src/main/AndroidManifest.xml:103:13-60
activity#com.ali.mirachannel.NeoNatalCareGenSce
ADDED from src/main/AndroidManifest.xml:114:9-121:20
	android:label
		ADDED from src/main/AndroidManifest.xml:116:13-74
	android:parentActivityName
		ADDED from src/main/AndroidManifest.xml:117:13-74
	android:name
		ADDED from src/main/AndroidManifest.xml:115:13-66
activity#com.ali.mirachannel.AdolescentGirl
ADDED from src/main/AndroidManifest.xml:122:9-131:20
	android:screenOrientation
		ADDED from src/main/AndroidManifest.xml:127:13-49
	android:label
		ADDED from src/main/AndroidManifest.xml:124:13-67
	android:parentActivityName
		ADDED from src/main/AndroidManifest.xml:126:13-78
	android:launchMode
		ADDED from src/main/AndroidManifest.xml:125:13-43
	android:name
		ADDED from src/main/AndroidManifest.xml:123:13-62
activity#com.ali.mirachannel.AdolescentGirlFrag
ADDED from src/main/AndroidManifest.xml:132:9-139:20
	android:label
		ADDED from src/main/AndroidManifest.xml:134:13-67
	android:parentActivityName
		ADDED from src/main/AndroidManifest.xml:135:13-76
	android:name
		ADDED from src/main/AndroidManifest.xml:133:13-66
activity#com.ali.mirachannel.FamilyPlaningCircle
ADDED from src/main/AndroidManifest.xml:140:9-148:20
	android:screenOrientation
		ADDED from src/main/AndroidManifest.xml:144:13-49
	android:label
		ADDED from src/main/AndroidManifest.xml:142:13-73
	android:parentActivityName
		ADDED from src/main/AndroidManifest.xml:143:13-76
	android:launchMode
		ADDED from src/main/AndroidManifest.xml:144:50-80
	android:name
		ADDED from src/main/AndroidManifest.xml:141:13-67
activity#com.ali.mirachannel.FamilyCalendar
ADDED from src/main/AndroidManifest.xml:149:9-156:20
	android:label
		ADDED from src/main/AndroidManifest.xml:151:13-67
	android:parentActivityName
		ADDED from src/main/AndroidManifest.xml:152:13-81
	android:name
		ADDED from src/main/AndroidManifest.xml:150:13-62